<?xml version="1.0" encoding="UTF-8"?>
<!-- Generated by org.testng.reporters.JUnitXMLReporter -->
<testsuite ignored="0" hostname="Amals_HP_Envy" failures="1" tests="4" name="ChromeTests" time="13.659" errors="0" timestamp="2026-05-11T00:51:00 EDT">
  <testcase classname="com.amalw.tests.RegistrationTest" name="testRegistration" time="4.516"/>
  <testcase classname="com.amalw.tests.RegistrationTest" name="testRegistration" time="3.685"/>
  <testcase classname="com.amalw.tests.RegistrationTest" name="testRegistration" time="2.764"/>
  <testcase classname="com.amalw.tests.RegistrationTest" name="testRegistration" time="7.249">
    <failure type="java.lang.AssertionError" message="Expected registration success message, but it was not displayed expected [true] but found [false]">
      <![CDATA[java.lang.AssertionError: Expected registration success message, but it was not displayed expected [true] but found [false]
at com.amalw.tests.RegistrationTest.testRegistration(RegistrationTest.java:61)
at java.base/java.util.concurrent.ThreadPoolExecutor.runWorker(ThreadPoolExecutor.java:1136)
at java.base/java.util.concurrent.ThreadPoolExecutor$Worker.run(ThreadPoolExecutor.java:635)
at java.base/java.lang.Thread.run(Thread.java:833)
... Removed 12 stack frames]]>
    </failure>
  </testcase> <!-- testRegistration -->
</testsuite> <!-- ChromeTests -->
