<?xml version="1.0" encoding="UTF-8"?>
<!-- Generated by org.testng.reporters.JUnitXMLReporter -->
<testsuite ignored="0" hostname="Amals_HP_Envy" failures="1" tests="4" name="FirefoxTests" time="21.487" errors="0" timestamp="2026-05-11T00:51:21 EDT">
  <testcase classname="com.amalw.tests.RegistrationTest" name="testRegistration" time="1.981"/>
  <testcase classname="com.amalw.tests.RegistrationTest" name="testRegistration" time="2.549"/>
  <testcase classname="com.amalw.tests.RegistrationTest" name="testRegistration" time="2.427"/>
  <testcase classname="com.amalw.tests.RegistrationTest" name="testRegistration" time="6.81">
    <failure type="java.lang.AssertionError" message="Expected registration success message, but it was not displayed expected [true] but found [false]">
      <![CDATA[java.lang.AssertionError: Expected registration success message, but it was not displayed expected [true] but found [false]
at com.amalw.tests.RegistrationTest.testRegistration(RegistrationTest.java:61)
at java.base/java.util.concurrent.ThreadPoolExecutor.runWorker(ThreadPoolExecutor.java:1136)
at java.base/java.util.concurrent.ThreadPoolExecutor$Worker.run(ThreadPoolExecutor.java:635)
at java.base/java.lang.Thread.run(Thread.java:833)
... Removed 12 stack frames]]>
    </failure>
  </testcase> <!-- testRegistration -->
</testsuite> <!-- FirefoxTests -->
